<?xml version="1.0" encoding="UTF-8"?>
<testng-results ignored="0" total="2" passed="2" failed="0" skipped="0">
  <reporter-output>
  </reporter-output>
  <suite started-at="2023-10-03T12:29:49Z" name="Grid Test Suite" finished-at="2023-10-03T12:30:04Z" duration-ms="15421">
    <groups>
    </groups>
    <test started-at="2023-10-03T12:29:49Z" name="Admin login Test case on chrome" finished-at="2023-10-03T12:29:59Z" duration-ms="9711">
      <class name="demo.AdminLoginTest">
        <test-method signature="CheckAdminLogin(java.lang.String)[pri:0, instance:demo.AdminLoginTest@7c417213]" started-at="2023-10-03T12:29:49Z" name="CheckAdminLogin" finished-at="2023-10-03T12:29:59Z" duration-ms="9603" status="PASS">
          <params>
            <param index="0">
              <value>
                <![CDATA[chrome]]>
              </value>
            </param>
          </params>
          <reporter-output>
          </reporter-output>
        </test-method> <!-- CheckAdminLogin -->
      </class> <!-- demo.AdminLoginTest -->
    </test> <!-- Admin login Test case on chrome -->
    <test started-at="2023-10-03T12:29:49Z" name="Admin login Test case on Gecko" finished-at="2023-10-03T12:30:04Z" duration-ms="15421">
      <class name="demo.AdminLoginTest">
        <test-method signature="CheckAdminLogin(java.lang.String)[pri:0, instance:demo.AdminLoginTest@f8c1ddd]" started-at="2023-10-03T12:29:49Z" name="CheckAdminLogin" finished-at="2023-10-03T12:30:04Z" duration-ms="15324" status="PASS">
          <params>
            <param index="0">
              <value>
                <![CDATA[firefox]]>
              </value>
            </param>
          </params>
          <reporter-output>
          </reporter-output>
        </test-method> <!-- CheckAdminLogin -->
      </class> <!-- demo.AdminLoginTest -->
    </test> <!-- Admin login Test case on Gecko -->
  </suite> <!-- Grid Test Suite -->
</testng-results>
